<?xml version="1.0" encoding="UTF-8"?>
<!-- Generated by org.testng.reporters.JUnitReportReporter -->
<testsuite hostname="horyu" failures="0" tests="2" name="Pck1.ExtentReportWithTestNg" time="3.531" errors="0" timestamp="2024-04-28T20:59:47 IST" skipped="0">
  <testcase classname="Pck1.ExtentReportWithTestNg" name="test1" time="2.449"/>
  <testcase classname="Pck1.ExtentReportWithTestNg" name="test2" time="1.082"/>
</testsuite> <!-- Pck1.ExtentReportWithTestNg -->
