<?xml version="1.0" encoding="UTF-8"?>
<!-- Generated by org.testng.reporters.JUnitReportReporter -->
<testsuite hostname="horyu" failures="0" tests="1" name="Pck1.TestNgParametersDemo" time="0.014" errors="0" timestamp="2024-05-09T17:33:32 IST" skipped="0">
  <testcase classname="Pck1.TestNgParametersDemo" name="test" time="0.014"/>
</testsuite> <!-- Pck1.TestNgParametersDemo -->
