<?xml version="1.0" encoding="UTF-8"?>
<!-- Generated by org.testng.reporters.JUnitReportReporter -->
<testsuite hostname="horyu" failures="0" tests="4" name="Pck1.TestNgDepenPriorityDemo" time="0.038" errors="0" timestamp="2024-05-09T17:53:35 IST" skipped="0">
  <testcase classname="Pck1.TestNgDepenPriorityDemo" name="test2" time="0.029"/>
  <testcase classname="Pck1.TestNgDepenPriorityDemo" name="test1" time="0.003"/>
  <testcase classname="Pck1.TestNgDepenPriorityDemo" name="test4" time="0.003"/>
  <testcase classname="Pck1.TestNgDepenPriorityDemo" name="test3" time="0.003"/>
</testsuite> <!-- Pck1.TestNgDepenPriorityDemo -->
