<?xml version="1.0" encoding="UTF-8"?>
<!-- Generated by org.testng.reporters.JUnitReportReporter -->
<testsuite hostname="horyu" failures="0" tests="3" name="listeners.TestNgListnerDemo3" time="0.007" errors="0" timestamp="2024-05-06T20:18:12 IST" skipped="1">
  <testcase classname="listeners.TestNgListnerDemo3" name="test4" time="0.002"/>
  <testcase classname="listeners.TestNgListnerDemo3" name="test6" time="0.002">
    <skipped/>
  </testcase> <!-- test6 -->
  <testcase classname="listeners.TestNgListnerDemo3" name="test5" time="0.003"/>
</testsuite> <!-- listeners.TestNgListnerDemo3 -->
