<?xml version="1.0" encoding="UTF-8"?>
<!-- Generated by org.testng.reporters.JUnitReportReporter -->
<testsuite hostname="horyu" failures="0" tests="2" name="Pck1.TestNgGroupsDemo" time="0.025" errors="0" timestamp="2024-05-09T15:51:00 IST" skipped="0">
  <testcase classname="Pck1.TestNgGroupsDemo" name="test2" time="0.021"/>
  <testcase classname="Pck1.TestNgGroupsDemo" name="test3" time="0.004"/>
</testsuite> <!-- Pck1.TestNgGroupsDemo -->
