<?xml version="1.0" encoding="UTF-8"?>
<!-- Generated by org.testng.reporters.JUnitReportReporter -->
<testsuite hostname="horyu" failures="0" tests="2" name="Pck1.TestNgParallelDemo" time="0.035" errors="0" timestamp="2024-04-29T17:08:01 IST" skipped="0">
  <testcase classname="Pck1.TestNgParallelDemo" name="test1" time="0.018"/>
  <testcase classname="Pck1.TestNgParallelDemo" name="test2" time="0.017"/>
</testsuite> <!-- Pck1.TestNgParallelDemo -->
